[debug] [2019-02-03T13:41:44.946Z] ----------------------------------------------------------------------
[debug] [2019-02-03T13:41:44.949Z] Command:       /usr/local/bin/node /usr/local/bin/firebase deploy --only functions
[debug] [2019-02-03T13:41:44.949Z] CLI Version:   6.3.0
[debug] [2019-02-03T13:41:44.949Z] Platform:      darwin
[debug] [2019-02-03T13:41:44.949Z] Node Version:  v8.9.4
[debug] [2019-02-03T13:41:44.950Z] Time:          Sun Feb 03 2019 07:41:44 GMT-0600 (CST)
[debug] [2019-02-03T13:41:44.950Z] ----------------------------------------------------------------------
[debug] 
[debug] [2019-02-03T13:41:44.960Z] > command requires scopes: ["email","openid","https://www.googleapis.com/auth/cloudplatformprojects.readonly","https://www.googleapis.com/auth/firebase","https://www.googleapis.com/auth/cloud-platform"]
[debug] [2019-02-03T13:41:44.960Z] > authorizing via signed-in user
[debug] [2019-02-03T13:41:44.960Z] [iam] checking project lostandfound-22d75 for permissions ["cloudfunctions.functions.create","cloudfunctions.functions.delete","cloudfunctions.functions.get","cloudfunctions.functions.list","cloudfunctions.functions.update","cloudfunctions.operations.get","firebase.projects.get"]
[debug] [2019-02-03T13:41:44.962Z] >>> HTTP REQUEST POST https://cloudresourcemanager.googleapis.com/v1/projects/lostandfound-22d75:testIamPermissions  

[debug] [2019-02-03T13:41:45.220Z] <<< HTTP RESPONSE 200
[info] 
[info] === Deploying to 'lostandfound-22d75'...
[info] 
[info] i  deploying functions
[info] Running command: npm --prefix "$RESOURCE_DIR" run lint
[info] Running command: npm --prefix "$RESOURCE_DIR" run build
[info] ✔  functions: Finished running predeploy script.
[debug] [2019-02-03T13:41:59.592Z] > [functions] package.json contents: {
  "name": "functions",
  "scripts": {
    "lint": "tslint --project tsconfig.json",
    "build": "tsc",
    "serve": "npm run build && firebase serve --only functions",
    "shell": "npm run build && firebase functions:shell",
    "start": "npm run shell",
    "deploy": "firebase deploy --only functions",
    "logs": "firebase functions:log"
  },
  "main": "lib/index.js",
  "dependencies": {
    "@types/algoliasearch": "^3.30.1",
    "algoliasearch": "^3.32.0",
    "firebase-admin": "~6.0.0",
    "firebase-functions": "^2.1.0"
  },
  "devDependencies": {
    "tslint": "^5.12.0",
    "typescript": "^3.2.2"
  },
  "peerDependencies": {
    "firebase-admin": "~7.0.0"
  },
  "private": true
}
[info] i  functions: ensuring necessary APIs are enabled...
[debug] [2019-02-03T13:41:59.594Z] >>> HTTP REQUEST GET https://servicemanagement.googleapis.com/v1/services/cloudfunctions.googleapis.com/projectSettings/lostandfound-22d75?view=CONSUMER_VIEW  
 
[debug] [2019-02-03T13:41:59.595Z] >>> HTTP REQUEST GET https://servicemanagement.googleapis.com/v1/services/runtimeconfig.googleapis.com/projectSettings/lostandfound-22d75?view=CONSUMER_VIEW  
 
[debug] [2019-02-03T13:42:00.302Z] <<< HTTP RESPONSE 200
[info] ✔  functions: all necessary APIs are enabled
[debug] [2019-02-03T13:42:00.339Z] <<< HTTP RESPONSE 200
[debug] [2019-02-03T13:42:00.340Z] >>> HTTP REQUEST GET https://cloudresourcemanager.googleapis.com/v1/projects/lostandfound-22d75  
 
[debug] [2019-02-03T13:42:00.553Z] <<< HTTP RESPONSE 200
[debug] [2019-02-03T13:42:00.554Z] >>> HTTP REQUEST GET https://mobilesdk-pa.googleapis.com/v1/projects/486696885538:getServerAppConfig  
 
[debug] [2019-02-03T13:42:00.757Z] <<< HTTP RESPONSE 200
[info] i  functions: preparing functions directory for uploading...
[debug] [2019-02-03T13:42:00.759Z] >>> HTTP REQUEST GET https://runtimeconfig.googleapis.com/v1beta1/projects/lostandfound-22d75/configs  
 
[debug] [2019-02-03T13:42:01.002Z] <<< HTTP RESPONSE 200
[debug] [2019-02-03T13:42:01.003Z] >>> HTTP REQUEST GET https://runtimeconfig.googleapis.com/v1beta1/projects/lostandfound-22d75/configs/algolia/variables  
 
[debug] [2019-02-03T13:42:01.193Z] <<< HTTP RESPONSE 200
[debug] [2019-02-03T13:42:01.194Z] >>> HTTP REQUEST GET https://runtimeconfig.googleapis.com/v1beta1/projects/lostandfound-22d75/configs/algolia/variables/apikey  
 
[debug] [2019-02-03T13:42:01.195Z] >>> HTTP REQUEST GET https://runtimeconfig.googleapis.com/v1beta1/projects/lostandfound-22d75/configs/algolia/variables/appid  
 
[debug] [2019-02-03T13:42:01.814Z] <<< HTTP RESPONSE 200
[debug] [2019-02-03T13:42:01.816Z] <<< HTTP RESPONSE 200
[info] i  functions: packaged functions (51.47 KB) for uploading
[debug] [2019-02-03T13:42:02.234Z] >>> HTTP REQUEST POST https://cloudfunctions.googleapis.com/v1/projects/lostandfound-22d75/locations/us-central1/functions:generateUploadUrl  
 
